Log
N.Viagens: 27
	-Id Balao: 1
	->Viagem N.: 1
	--->Ponto Inicial: B
	--->Ponto Final: C
	Quantidade Turistas: 15
	-Id Balao: 2
	->Viagem N.: 2
	--->Ponto Inicial: C
	--->Ponto Final: A
	Quantidade Turistas: 0
	-Id Balao: 3
	->Viagem N.: 3
	--->Ponto Inicial: A
	--->Ponto Final: B
	Quantidade Turistas: 10
	-Id Balao: 4
	->Viagem N.: 4
	--->Ponto Inicial: A
	--->Ponto Final: B
	Quantidade Turistas: 0
	-Id Balao: 1
	->Viagem N.: 5
	--->Ponto Inicial: C
	--->Ponto Final: A
	Quantidade Turistas: 0
	-Id Balao: 2
	->Viagem N.: 6
	--->Ponto Inicial: A
	--->Ponto Final: B
	Quantidade Turistas: 0
	-Id Balao: 3
	->Viagem N.: 7
	--->Ponto Inicial: B
	--->Ponto Final: C
	Quantidade Turistas: 0
	-Id Balao: 4
	->Viagem N.: 8
	--->Ponto Inicial: B
	--->Ponto Final: C
	Quantidade Turistas: 0
	-Id Balao: 1
	->Viagem N.: 9
	--->Ponto Inicial: A
	--->Ponto Final: B
	Quantidade Turistas: 0
	-Id Balao: 2
	->Viagem N.: 10
	--->Ponto Inicial: B
	--->Ponto Final: C
	Quantidade Turistas: 0
	-Id Balao: 3
	->Viagem N.: 11
	--->Ponto Inicial: C
	--->Ponto Final: A
	Quantidade Turistas: 0
	-Id Balao: 4
	->Viagem N.: 12
	--->Ponto Inicial: C
	--->Ponto Final: A
	Quantidade Turistas: 0
	-Id Balao: 1
	->Viagem N.: 13
	--->Ponto Inicial: B
	--->Ponto Final: C
	Quantidade Turistas: 0
	-Id Balao: 2
	->Viagem N.: 14
	--->Ponto Inicial: C
	--->Ponto Final: A
	Quantidade Turistas: 0
	-Id Balao: 3
	->Viagem N.: 15
	--->Ponto Inicial: A
	--->Ponto Final: B
	Quantidade Turistas: 2
	-Id Balao: 4
	->Viagem N.: 16
	--->Ponto Inicial: A
	--->Ponto Final: B
	Quantidade Turistas: 0
	-Id Balao: 5
	->Viagem N.: 17
	--->Ponto Inicial: A
	--->Ponto Final: B
	Quantidade Turistas: 0
	-Id Balao: 1
	->Viagem N.: 18
	--->Ponto Inicial: C
	--->Ponto Final: A
	Quantidade Turistas: 0
	-Id Balao: 2
	->Viagem N.: 19
	--->Ponto Inicial: A
	--->Ponto Final: B
	Quantidade Turistas: 0
	-Id Balao: 3
	->Viagem N.: 20
	--->Ponto Inicial: B
	--->Ponto Final: C
	Quantidade Turistas: 0
	-Id Balao: 4
	->Viagem N.: 21
	--->Ponto Inicial: B
	--->Ponto Final: C
	Quantidade Turistas: 0
	-Id Balao: 5
	->Viagem N.: 22
	--->Ponto Inicial: B
	--->Ponto Final: C
	Quantidade Turistas: 0
	-Id Balao: 1
	->Viagem N.: 23
	--->Ponto Inicial: A
	--->Ponto Final: B
	Quantidade Turistas: 0
	-Id Balao: 2
	->Viagem N.: 24
	--->Ponto Inicial: B
	--->Ponto Final: C
	Quantidade Turistas: 0
	-Id Balao: 3
	->Viagem N.: 25
	--->Ponto Inicial: C
	--->Ponto Final: A
	Quantidade Turistas: 0
	-Id Balao: 4
	->Viagem N.: 26
	--->Ponto Inicial: C
	--->Ponto Final: A
	Quantidade Turistas: 0
	-Id Balao: 5
	->Viagem N.: 27
	--->Ponto Inicial: C
	--->Ponto Final: A
	Quantidade Turistas: 0
